$ awk '{sum += $1} END {print sum / NR}' results_6x6_100.dat 
0.00462985

average time for grid sizes:
6x6: 0.00462985 seconds
7x7: 0.0592547
8x8: 0.664639

https://stackoverflow.com/questions/18786073/compute-average-and-standard-deviation-with-awk
$ awk '{for(i=1;i<=NF;i++) {sum[i] += $i; sumsq[i] += ($i)^2}} 
          END {for (i=1;i<=NF;i++) {
          printf "%f %f \n", sum[i]/NR, sqrt((sumsq[i]-sum[i]^2/NR)/NR)}
         }' results_6x6_100.dat

6x6: 
  time: 
    average: 0.004630 
    std deviation: 0.004715 
  tries: 
    average: 41.530000 
    std deviation: 42.413077 
7x7:
  time:
    average: 0.059255
    std deviation: 0.055834 
  tries:
    average: 424.260000
    std deviation: 401.393538 
8x8:
  time:
    average: 0.664639 
    std deviation: 0.802284 
  tries:
    average: 4179.790000 
    std deviation: 5105.055326 
9x9:
  time:
    average: 
    std deviation: 
  tries:
    average: 
    std deviation: 
10x10:
  time:
    average: 
    std deviation: 
  tries:
    average: 
    std deviation: 
x:
  time:
    average: 
    std deviation: 
  tries:
    average: 
    std deviation: 
