$ date; time ./a.out 5 > /dev/null; date
Sat Aug  5 12:41:10 EDT 2017

real	0m0.005s
user	0m0.001s
sys	0m0.001s
Sat Aug  5 12:41:10 EDT 2017
$ date; time ./a.out 6 > /dev/null; date
Sat Aug  5 12:41:15 EDT 2017

real	0m0.006s
user	0m0.002s
sys	0m0.001s
Sat Aug  5 12:41:15 EDT 2017
$ date; time ./a.out 7 > /dev/null; date
Sat Aug  5 12:41:20 EDT 2017

real	0m0.013s
user	0m0.008s
sys	0m0.002s
Sat Aug  5 12:41:20 EDT 2017
$ date; time ./a.out 8 > /dev/null; date
Sat Aug  5 12:41:24 EDT 2017

real	0m0.067s
user	0m0.062s
sys	0m0.002s
Sat Aug  5 12:41:24 EDT 2017
$ date; time ./a.out 9 > /dev/null; date
Sat Aug  5 12:41:28 EDT 2017

real	0m0.583s
user	0m0.575s
sys	0m0.004s
Sat Aug  5 12:41:28 EDT 2017
$ date; time ./a.out 10 > /dev/null; date 
Sat Aug  5 12:41:33 EDT 2017

real	0m6.486s
user	0m6.451s
sys	0m0.023s
Sat Aug  5 12:41:39 EDT 2017
$ date; time ./a.out 11 > /dev/null; date 
Sat Aug  5 12:41:44 EDT 2017

real	1m20.303s
user	1m19.292s
sys	0m0.497s
Sat Aug  5 12:43:05 EDT 2017